<?xml version="1.0" encoding="UTF-8"?>
<!-- Generated by org.testng.reporters.JUnitReportReporter -->
<testsuite hostname="VikasGoud" failures="0" tests="2" name="pageevent.PageEventTest" time="23.899" errors="0" timestamp="2025-07-19T18:44:37 IST" skipped="0">
  <testcase classname="pageevent.PageEventTest" name="f" time="12.021"/>
  <system-out/>
  <testcase classname="pageevent.PageEventTest" name="f" time="11.878"/>
  <system-out/>
</testsuite> <!-- pageevent.PageEventTest -->
