<?xml version="1.0" encoding="UTF-8"?>
<!-- Generated by org.testng.reporters.JUnitReportReporter -->
<testsuite hostname="VikasGoud" failures="0" tests="2" name="pageevent.UbuyETest" time="15.286" errors="0" timestamp="2025-07-19T18:45:25 IST" skipped="0">
  <testcase classname="pageevent.UbuyETest" name="UbuybtnTest" time="9.057"/>
  <system-out/>
  <testcase classname="pageevent.UbuyETest" name="UbuybtnTest" time="6.229"/>
  <system-out/>
</testsuite> <!-- pageevent.UbuyETest -->
