<?xml version="1.0" encoding="UTF-8"?>
<!-- Generated by org.testng.reporters.JUnitReportReporter -->
<testsuite hostname="VikasGoud" failures="0" tests="2" name="pageevent.PageEventTest" time="16.060" errors="0" timestamp="2025-07-22T18:07:56 IST" skipped="0">
  <testcase classname="pageevent.PageEventTest" name="f" time="7.572"/>
  <system-out/>
  <testcase classname="pageevent.PageEventTest" name="f" time="8.488"/>
  <system-out/>
</testsuite> <!-- pageevent.PageEventTest -->
