<?xml version="1.0" encoding="UTF-8"?>
<!-- Generated by org.testng.reporters.JUnitReportReporter -->
<testsuite hostname="VikasGoud" failures="0" tests="2" name="pageevent.RamanaTest" time="12.225" errors="0" timestamp="2025-06-09T13:38:20 IST" skipped="0">
  <testcase classname="pageevent.RamanaTest" name="LoginTest" time="5.279"/>
  <system-out/>
  <testcase classname="pageevent.RamanaTest" name="LoginTest" time="6.946"/>
  <system-out/>
</testsuite> <!-- pageevent.RamanaTest -->
