<?xml version="1.0" encoding="UTF-8"?>
<!-- Generated by org.testng.reporters.JUnitReportReporter -->
<testsuite hostname="VikasGoud" failures="0" tests="2" name="pageevent.PageEventTest" time="17.036" errors="0" timestamp="2025-07-21T15:53:25 IST" skipped="0">
  <testcase classname="pageevent.PageEventTest" name="f" time="8.028"/>
  <system-out/>
  <testcase classname="pageevent.PageEventTest" name="f" time="9.008"/>
  <system-out/>
</testsuite> <!-- pageevent.PageEventTest -->
