<?xml version="1.0" encoding="UTF-8"?>
<!-- Generated by org.testng.reporters.JUnitReportReporter -->
<testsuite hostname="VikasGoud" failures="0" tests="2" name="pageevent.UbuyETest" time="9.447" errors="0" timestamp="2025-06-09T12:49:38 IST" skipped="0">
  <testcase classname="pageevent.UbuyETest" name="UbuybtnTest" time="3.935"/>
  <system-out/>
  <testcase classname="pageevent.UbuyETest" name="UbuybtnTest" time="5.512"/>
  <system-out/>
</testsuite> <!-- pageevent.UbuyETest -->
