<?xml version="1.0" encoding="UTF-8"?>
<!-- Generated by org.testng.reporters.JUnitReportReporter -->
<testsuite hostname="VikasGoud" failures="0" tests="2" name="pageevent.PageEventTest" time="17.384" errors="0" timestamp="2025-06-09T13:37:10 IST" skipped="0">
  <testcase classname="pageevent.PageEventTest" name="f" time="10.211"/>
  <system-out/>
  <testcase classname="pageevent.PageEventTest" name="f" time="7.173"/>
  <system-out/>
</testsuite> <!-- pageevent.PageEventTest -->
