<?xml version="1.0" encoding="UTF-8"?>
<!-- Generated by org.testng.reporters.JUnitReportReporter -->
<testsuite hostname="VikasGoud" failures="0" tests="2" name="pageevent.UbuyETest" time="18.700" errors="0" timestamp="2025-06-09T16:18:06 IST" skipped="0">
  <testcase classname="pageevent.UbuyETest" name="UbuybtnTest" time="10.007"/>
  <system-out/>
  <testcase classname="pageevent.UbuyETest" name="UbuybtnTest" time="8.693"/>
  <system-out/>
</testsuite> <!-- pageevent.UbuyETest -->
