<?xml version="1.0" encoding="UTF-8"?>
<!-- Generated by org.testng.reporters.JUnitReportReporter -->
<testsuite hostname="VikasGoud" failures="0" tests="2" name="pageevent.PageEventTest" time="11.176" errors="0" timestamp="2025-07-16T16:06:23 IST" skipped="0">
  <testcase classname="pageevent.PageEventTest" name="f" time="4.615"/>
  <system-out/>
  <testcase classname="pageevent.PageEventTest" name="f" time="6.561"/>
  <system-out/>
</testsuite> <!-- pageevent.PageEventTest -->
