<?xml version="1.0" encoding="UTF-8"?>
<!-- Generated by org.testng.reporters.JUnitReportReporter -->
<testsuite hostname="VikasGoud" failures="0" tests="2" name="pageevent.PageEventTest" time="20.944" errors="0" timestamp="2025-07-23T12:46:02 IST" skipped="0">
  <testcase classname="pageevent.PageEventTest" name="f" time="11.147"/>
  <system-out/>
  <testcase classname="pageevent.PageEventTest" name="f" time="9.797"/>
  <system-out/>
</testsuite> <!-- pageevent.PageEventTest -->
