<?xml version="1.0" encoding="UTF-8"?>
<!-- Generated by org.testng.reporters.JUnitReportReporter -->
<testsuite hostname="VikasGoud" failures="0" tests="2" name="pageevent.UbuyETest" time="15.120" errors="0" timestamp="2025-07-16T16:32:42 IST" skipped="0">
  <testcase classname="pageevent.UbuyETest" name="UbuybtnTest" time="7.733"/>
  <system-out/>
  <testcase classname="pageevent.UbuyETest" name="UbuybtnTest" time="7.387"/>
  <system-out/>
</testsuite> <!-- pageevent.UbuyETest -->
